Added Component: Designator=CC1125(CC1125-TR-4S)
Add component (AddParameter): Name = "LatestRevisionDate"; Value = "17-Jul-2002"; VariantName = "[No Variations]"
Add component (AddParameter): Name = "LatestRevisionNote"; Value = "Re-released for DXP Platform."; VariantName = "[No Variations]"
Add component (AddParameter): Name = "Publisher"; Value = "Altium Limited"; VariantName = "[No Variations]"
Added Component: Designator=J?(PCBComponent_1)
Add component (AddParameter): Name = "LatestRevisionDate"; Value = "17-Jul-2002"; VariantName = "[No Variations]"
Add component (AddParameter): Name = "LatestRevisionNote"; Value = "Re-released for DXP Platform."; VariantName = "[No Variations]"
Add component (AddParameter): Name = "Publisher"; Value = "Altium Limited"; VariantName = "[No Variations]"
Added Component: Designator=P1(HDR1X8)
Add component (AddParameter): Name = "LatestRevisionDate"; Value = "17-Jul-2002"; VariantName = "[No Variations]"
Add component (AddParameter): Name = "LatestRevisionNote"; Value = "Re-released for DXP Platform."; VariantName = "[No Variations]"
Add component (AddParameter): Name = "Publisher"; Value = "Altium Limited"; VariantName = "[No Variations]"
Added Component: Designator=P2(HDR1X10)
Add component (AddParameter): Name = "LatestRevisionDate"; Value = "17-Jul-2002"; VariantName = "[No Variations]"
Add component (AddParameter): Name = "LatestRevisionNote"; Value = "Re-released for DXP Platform."; VariantName = "[No Variations]"
Add component (AddParameter): Name = "Publisher"; Value = "Altium Limited"; VariantName = "[No Variations]"
Added Component: Designator=P3(HDR1X6)
Add component (AddParameter): Name = "LatestRevisionDate"; Value = "17-Jul-2002"; VariantName = "[No Variations]"
Add component (AddParameter): Name = "LatestRevisionNote"; Value = "Re-released for DXP Platform."; VariantName = "[No Variations]"
Add component (AddParameter): Name = "Publisher"; Value = "Altium Limited"; VariantName = "[No Variations]"
Added Component: Designator=P4(HDR1X8)
Add component (AddParameter): Name = "LatestRevisionDate"; Value = "17-Jul-2002"; VariantName = "[No Variations]"
Add component (AddParameter): Name = "LatestRevisionNote"; Value = "Re-released for DXP Platform."; VariantName = "[No Variations]"
Add component (AddParameter): Name = "Publisher"; Value = "Altium Limited"; VariantName = "[No Variations]"
Added Pin To Net: NetName=Ant Pin=CC1125-12
Added Pin To Net: NetName=Ant Pin=J?-1
Added Net: Name=Ant
Added Pin To Net: NetName=CSN Pin=CC1125-10
Added Pin To Net: NetName=CSN Pin=P2-3
Added Net: Name=CSN
Added Pin To Net: NetName=DIO0 Pin=CC1125-9
Added Pin To Net: NetName=DIO0 Pin=P4-3
Added Net: Name=DIO0
Added Pin To Net: NetName=DIO1 Pin=P4-4
Added Net: Name=DIO1
Added Pin To Net: NetName=DIO2 Pin=CC1125-5
Added Pin To Net: NetName=DIO2 Pin=P4-5
Added Net: Name=DIO2
Added Pin To Net: NetName=DIO3 Pin=CC1125-4
Added Pin To Net: NetName=DIO3 Pin=P4-6
Added Net: Name=DIO3
Added Pin To Net: NetName=DIO4 Pin=P2-1
Added Net: Name=DIO4
Added Pin To Net: NetName=DIO5 Pin=P2-2
Added Net: Name=DIO5
Added Pin To Net: NetName=Enable Pin=CC1125-1
Added Pin To Net: NetName=Enable Pin=CC1125-11
Added Pin To Net: NetName=Enable Pin=CC1125-13
Added Pin To Net: NetName=Enable Pin=CC1125-14
Added Pin To Net: NetName=Enable Pin=J?-2
Added Pin To Net: NetName=Enable Pin=J?-2
Added Pin To Net: NetName=Enable Pin=J?-2
Added Pin To Net: NetName=Enable Pin=J?-2
Added Pin To Net: NetName=Enable Pin=P1-6
Added Pin To Net: NetName=Enable Pin=P1-7
Added Pin To Net: NetName=Enable Pin=P2-7
Added Net: Name=Enable
Added Pin To Net: NetName=MISO Pin=CC1125-8
Added Pin To Net: NetName=MISO Pin=P2-5
Added Net: Name=MISO
Added Pin To Net: NetName=MOSI Pin=CC1125-6
Added Pin To Net: NetName=MOSI Pin=P2-4
Added Net: Name=MOSI
Added Pin To Net: NetName=RESET Pin=CC1125-3
Added Pin To Net: NetName=RESET Pin=P3-1
Added Net: Name=RESET
Added Pin To Net: NetName=RXTX Pin=P3-5
Added Net: Name=RXTX
Added Pin To Net: NetName=SCK Pin=CC1125-7
Added Pin To Net: NetName=SCK Pin=P2-6
Added Net: Name=SCK
Added Pin To Net: NetName=VBAT Pin=CC1125-2
Added Pin To Net: NetName=VBAT Pin=P1-4
Added Net: Name=VBAT
Added Class: Name=CC1125_ref
Added Room: Name=CC1125_ref
